<?xml version="1.0" encoding="utf-8"?><testsuites><testsuite name="pytest" errors="0" failures="0" skipped="0" tests="2" time="0.028" timestamp="2022-01-22T10:32:32.019424" hostname="Miguels-MBP-2.home"><testcase classname="tests.test_ts" name="test_timestamp" time="0.003" /><testcase classname="tests.test_ts" name="test_date" time="0.001" /></testsuite></testsuites>